[+] Containers:
 |- [+] Container: /Game/ThirdPerson/Maps/ThirdPersonMap
 |   |- [+] ActorDescs:
 |   |   |- Guid:2FB58999456391D349DC0F86DAC136ED NativeClass:/Script/Engine.SkyLight Name:SkyLight_1 Label:SkyLight SpatiallyLoaded:false EditorBounds:IsValid=true, Min=(X=0.000 Y=0.000 Z=690.000), Max=(X=0.000 Y=0.000 Z=690.000) RuntimeBounds:IsValid=true, Min=(X=0.000 Y=0.000 Z=690.000), Max=(X=0.000 Y=0.000 Z=690.000) RuntimeGrid:None EditorOnly:false RuntimeOnly:false HLODRelevant:false ListedInSceneOutliner:true IsMainWorldOnly:false FolderPath:Lighting FolderGuid:963EC3EB4002CCE9759E2EBA541A873A
 |   |   |- Guid:316CF2A6494ACA4C0E4180A87D36AB8F NativeClass:/Script/Engine.ExponentialHeightFog Name:ExponentialHeightFog_0 Label:ExponentialHeightFog SpatiallyLoaded:false EditorBounds:IsValid=true, Min=(X=-5600.000 Y=-50.000 Z=-6850.000), Max=(X=-5600.000 Y=-50.000 Z=-6850.000) RuntimeBounds:IsValid=true, Min=(X=-5600.000 Y=-50.000 Z=-6850.000), Max=(X=-5600.000 Y=-50.000 Z=-6850.000) RuntimeGrid:None EditorOnly:false RuntimeOnly:false HLODRelevant:false ListedInSceneOutliner:true IsMainWorldOnly:false FolderPath:Lighting FolderGuid:963EC3EB4002CCE9759E2EBA541A873A
 |   |   |- Guid:3A00AA1C422CE54C0BDB60BAF471BFBB NativeClass:/Script/Engine.PlayerStart Name:PlayerStart_0 Label:PlayerStart SpatiallyLoaded:false EditorBounds:IsValid=true, Min=(X=-8.000 Y=302.000 Z=-35.987), Max=(X=360.000 Y=558.000 Z=220.013) RuntimeBounds:IsValid=true, Min=(X=80.000 Y=390.000 Z=0.013), Max=(X=160.000 Y=470.000 Z=184.013) RuntimeGrid:None EditorOnly:false RuntimeOnly:false HLODRelevant:false ListedInSceneOutliner:true IsMainWorldOnly:false
 |   |   |- Guid:4D3BE93F4146AAAC8BBE79999D96D57F NativeClass:/Script/Engine.VolumetricCloud Name:VolumetricCloud_0 Label:VolumetricCloud SpatiallyLoaded:false EditorBounds:IsValid=true, Min=(X=0.000 Y=0.000 Z=820.000), Max=(X=0.000 Y=0.000 Z=820.000) RuntimeBounds:IsValid=true, Min=(X=0.000 Y=0.000 Z=820.000), Max=(X=0.000 Y=0.000 Z=820.000) RuntimeGrid:None EditorOnly:false RuntimeOnly:false HLODRelevant:false ListedInSceneOutliner:true IsMainWorldOnly:false FolderPath:Lighting FolderGuid:963EC3EB4002CCE9759E2EBA541A873A
 |   |   |- Guid:635F0CFC4693B4152EF09592573B2D7B NativeClass:/Script/Engine.StaticMeshActor Name:StaticMeshActor_UAID_088FC366836EA59502_1989004887 Label:Cube8 SpatiallyLoaded:true EditorBounds:IsValid=true, Min=(X=600.000 Y=1000.000 Z=-2.500), Max=(X=700.000 Y=2200.000 Z=422.500) RuntimeBounds:IsValid=true, Min=(X=600.000 Y=1000.000 Z=-2.500), Max=(X=700.000 Y=2200.000 Z=422.500) RuntimeGrid:None EditorOnly:false RuntimeOnly:false HLODRelevant:true ListedInSceneOutliner:true IsMainWorldOnly:false
 |   |   |- Guid:6394E64D42758657C75319A7E8721C78 NativeClass:/Script/Engine.StaticMeshActor Name:StaticMeshActor_UAID_088FC366836EA59502_1438036879 Label:Cube SpatiallyLoaded:true EditorBounds:IsValid=true, Min=(X=7.500 Y=100.000 Z=-2.500), Max=(X=2932.500 Y=200.000 Z=422.500) RuntimeBounds:IsValid=true, Min=(X=7.500 Y=100.000 Z=-2.500), Max=(X=2932.500 Y=200.000 Z=422.500) RuntimeGrid:None EditorOnly:false RuntimeOnly:false HLODRelevant:true ListedInSceneOutliner:true IsMainWorldOnly:false
 |   |   |- Guid:6BAE6441408CB576B5CB8483C5FE1061 NativeClass:/Script/Engine.StaticMeshActor Name:StaticMeshActor_UAID_088FC366836EA59502_2016824889 Label:Cube10 SpatiallyLoaded:true EditorBounds:IsValid=true, Min=(X=437.500 Y=1550.000 Z=-2.500), Max=(X=862.500 Y=1650.000 Z=422.500) RuntimeBounds:IsValid=true, Min=(X=437.500 Y=1550.000 Z=-2.500), Max=(X=862.500 Y=1650.000 Z=422.500) RuntimeGrid:None EditorOnly:false RuntimeOnly:false HLODRelevant:true ListedInSceneOutliner:true IsMainWorldOnly:false
 |   |   |- Guid:6BAF4DDD444C60371492D3919DB42C97 NativeClass:/Script/Engine.WorldDataLayers Name:WorldDataLayers Label:WorldDataLayers SpatiallyLoaded:false EditorBounds:IsValid=true, Min=(X=0.000 Y=0.000 Z=0.000), Max=(X=0.000 Y=0.000 Z=0.000) RuntimeBounds:IsValid=true, Min=(X=0.000 Y=0.000 Z=0.000), Max=(X=0.000 Y=0.000 Z=0.000) RuntimeGrid:None EditorOnly:false RuntimeOnly:false HLODRelevant:false ListedInSceneOutliner:true IsMainWorldOnly:true
 |   |   |- Guid:6E2474AD4AC524B919BED3B917F4E959 NativeClass:/Script/Engine.StaticMeshActor Name:StaticMeshActor_UAID_088FC366836EA59502_2049240890 Label:Cube11 SpatiallyLoaded:true EditorBounds:IsValid=true, Min=(X=1390.000 Y=605.000 Z=-2.500), Max=(X=1490.000 Y=1155.000 Z=422.500) RuntimeBounds:IsValid=true, Min=(X=1390.000 Y=605.000 Z=-2.500), Max=(X=1490.000 Y=1155.000 Z=422.500) RuntimeGrid:None EditorOnly:false RuntimeOnly:false HLODRelevant:true ListedInSceneOutliner:true IsMainWorldOnly:false
 |   |   |- Guid:9F6A535244A46C7BB1D2A79ED9120869 NativeClass:/Script/Engine.StaticMeshActor Name:StaticMeshActor_UAID_088FC366836EA59502_2003739888 Label:Cube9 SpatiallyLoaded:true EditorBounds:IsValid=true, Min=(X=10.000 Y=-190.000 Z=-2.500), Max=(X=110.000 Y=3310.000 Z=422.500) RuntimeBounds:IsValid=true, Min=(X=10.000 Y=-190.000 Z=-2.500), Max=(X=110.000 Y=3310.000 Z=422.500) RuntimeGrid:None EditorOnly:false RuntimeOnly:false HLODRelevant:true ListedInSceneOutliner:true IsMainWorldOnly:false
 |   |   |- Guid:A3CDA2E840F122DAFC2A2598BF767A1B NativeClass:/Script/Engine.StaticMeshActor Name:StaticMeshActor_UAID_088FC366836EA59502_1805722883 Label:Cube4 SpatiallyLoaded:true EditorBounds:IsValid=true, Min=(X=1100.000 Y=1430.000 Z=-2.500), Max=(X=2000.000 Y=1530.000 Z=422.500) RuntimeBounds:IsValid=true, Min=(X=1100.000 Y=1430.000 Z=-2.500), Max=(X=2000.000 Y=1530.000 Z=422.500) RuntimeGrid:None EditorOnly:false RuntimeOnly:false HLODRelevant:true ListedInSceneOutliner:true IsMainWorldOnly:false
 |   |   |- Guid:B270E3554F928F75912DE1A8725A4475 NativeClass:/Script/Engine.StaticMeshActor Name:StaticMeshActor_UAID_088FC366836EA59502_1809510884 Label:Cube5 SpatiallyLoaded:true EditorBounds:IsValid=true, Min=(X=2000.000 Y=590.000 Z=-2.500), Max=(X=2100.000 Y=1790.000 Z=422.500) RuntimeBounds:IsValid=true, Min=(X=2000.000 Y=590.000 Z=-2.500), Max=(X=2100.000 Y=1790.000 Z=422.500) RuntimeGrid:None EditorOnly:false RuntimeOnly:false HLODRelevant:true ListedInSceneOutliner:true IsMainWorldOnly:false
 |   |   |- Guid:B785ED2844B84CFB91E7F39FE661CD99 NativeClass:/Script/Engine.DirectionalLight Name:DirectionalLight_0 Label:DirectionalLight SpatiallyLoaded:false EditorBounds:IsValid=true, Min=(X=-1048576.000 Y=-1048576.000 Z=-1048576.000), Max=(X=1048576.000 Y=1048576.000 Z=1048576.000) RuntimeBounds:IsValid=true, Min=(X=-1048576.000 Y=-1048576.000 Z=-1048576.000), Max=(X=1048576.000 Y=1048576.000 Z=1048576.000) RuntimeGrid:None EditorOnly:false RuntimeOnly:false HLODRelevant:false ListedInSceneOutliner:true IsMainWorldOnly:false FolderPath:Lighting FolderGuid:963EC3EB4002CCE9759E2EBA541A873A
 |   |   |- Guid:C246448B42EEA53399E7DCA42A7D7CF3 NativeClass:/Script/Engine.StaticMeshActor Name:StaticMeshActor_UAID_088FC366836EA59502_1852731885 Label:Cube6 SpatiallyLoaded:true EditorBounds:IsValid=true, Min=(X=2500.000 Y=590.000 Z=-2.500), Max=(X=2600.000 Y=1790.000 Z=422.500) RuntimeBounds:IsValid=true, Min=(X=2500.000 Y=590.000 Z=-2.500), Max=(X=2600.000 Y=1790.000 Z=422.500) RuntimeGrid:None EditorOnly:false RuntimeOnly:false HLODRelevant:true ListedInSceneOutliner:true IsMainWorldOnly:false
 |   |   |- Guid:CCFF262C46EEFFDF319E7F9539CE697E NativeClass:/Script/Engine.SkyAtmosphere Name:SkyAtmosphere_0 Label:SkyAtmosphere SpatiallyLoaded:false EditorBounds:IsValid=true, Min=(X=0.000 Y=0.000 Z=1020.000), Max=(X=0.000 Y=0.000 Z=1020.000) RuntimeBounds:IsValid=true, Min=(X=0.000 Y=0.000 Z=1020.000), Max=(X=0.000 Y=0.000 Z=1020.000) RuntimeGrid:None EditorOnly:false RuntimeOnly:false HLODRelevant:false ListedInSceneOutliner:true IsMainWorldOnly:false FolderPath:Lighting FolderGuid:963EC3EB4002CCE9759E2EBA541A873A
 |   |   |- Guid:D571E7E14E84BBF3C229DFBBA19DBD21 NativeClass:/Script/Engine.StaticMeshActor Name:StaticMeshActor_UAID_088FC366836EA59502_1571725880 Label:Cube2 SpatiallyLoaded:true EditorBounds:IsValid=true, Min=(X=102.500 Y=600.000 Z=-2.500), Max=(X=677.500 Y=700.000 Z=422.500) RuntimeBounds:IsValid=true, Min=(X=102.500 Y=600.000 Z=-2.500), Max=(X=677.500 Y=700.000 Z=422.500) RuntimeGrid:None EditorOnly:false RuntimeOnly:false HLODRelevant:true ListedInSceneOutliner:true IsMainWorldOnly:false
 |   |   |- Guid:DAAFC07C4F9C4A8B7B2E4F9100C5FE92 NativeClass:/Script/Engine.StaticMeshActor Name:StaticMeshActor_UAID_088FC366836EA59502_1874263886 Label:Cube7 SpatiallyLoaded:true EditorBounds:IsValid=true, Min=(X=2920.000 Y=97.500 Z=-2.500), Max=(X=3020.000 Y=3022.500 Z=422.500) RuntimeBounds:IsValid=true, Min=(X=2920.000 Y=97.500 Z=-2.500), Max=(X=3020.000 Y=3022.500 Z=422.500) RuntimeGrid:None EditorOnly:false RuntimeOnly:false HLODRelevant:true ListedInSceneOutliner:true IsMainWorldOnly:false
 |   |   |- Guid:E6C25B794B4B8A89E5B3919A36A20946 NativeClass:/Script/Engine.StaticMeshActor Name:StaticMeshActor_UAID_088FC366836EA69502_1085563068 Label:Cube13 SpatiallyLoaded:true EditorBounds:IsValid=true, Min=(X=7.500 Y=3220.000 Z=-2.500), Max=(X=2932.500 Y=3320.000 Z=422.500) RuntimeBounds:IsValid=true, Min=(X=7.500 Y=3220.000 Z=-2.500), Max=(X=2932.500 Y=3320.000 Z=422.500) RuntimeGrid:None EditorOnly:false RuntimeOnly:false HLODRelevant:true ListedInSceneOutliner:true IsMainWorldOnly:false
 |   |   |- Guid:EB7F3A1847C1623AB9B5A392727D2F6C NativeClass:/Script/Engine.StaticMeshActor Name:StaticMeshActor_UAID_088FC366836EA59502_1620535881 Label:Cube3 SpatiallyLoaded:true EditorBounds:IsValid=true, Min=(X=1000.000 Y=600.000 Z=-2.500), Max=(X=1100.000 Y=1800.000 Z=422.500) RuntimeBounds:IsValid=true, Min=(X=1000.000 Y=600.000 Z=-2.500), Max=(X=1100.000 Y=1800.000 Z=422.500) RuntimeGrid:None EditorOnly:false RuntimeOnly:false HLODRelevant:true ListedInSceneOutliner:true IsMainWorldOnly:false
 |   |   |- Guid:EC4E0C944CE6AC6E784BC6BB2916EA13 NativeClass:/Script/Engine.StaticMeshActor Name:StaticMeshActor_UAID_A4AE111137DC5EFB00_1110535423 Label:SM_SkySphere SpatiallyLoaded:false EditorBounds:IsValid=true, Min=(X=-1638400.000 Y=-1638400.000 Z=-1638400.000), Max=(X=1638400.000 Y=1638400.000 Z=1638400.000) RuntimeBounds:IsValid=true, Min=(X=-1638400.000 Y=-1638400.000 Z=-1638400.000), Max=(X=1638400.000 Y=1638400.000 Z=1638400.000) RuntimeGrid:None EditorOnly:false RuntimeOnly:false HLODRelevant:true ListedInSceneOutliner:true IsMainWorldOnly:false FolderPath:Lighting FolderGuid:963EC3EB4002CCE9759E2EBA541A873A
 |   |   |- Guid:F1924B8D48954B30891B2DB6A694F9CC NativeClass:/Script/Engine.StaticMeshActor Name:StaticMeshActor_1 Label:SM_Cube SpatiallyLoaded:true EditorBounds:IsValid=true, Min=(X=0.000 Y=0.000 Z=-50.000), Max=(X=10925.000 Y=3325.000 Z=0.000) RuntimeBounds:IsValid=true, Min=(X=0.000 Y=0.000 Z=-50.000), Max=(X=10925.000 Y=3325.000 Z=0.000) RuntimeGrid:None EditorOnly:false RuntimeOnly:false HLODRelevant:true ListedInSceneOutliner:true IsMainWorldOnly:false FolderPath:Playground FolderGuid:C73F09FC4215536B1DCE2A9E0A830C70
 |   |   |- Guid:F33B4E0747231F554D0F0BBA8238ACEF NativeClass:/Script/Engine.StaticMeshActor Name:StaticMeshActor_UAID_088FC366836EA59502_2084132891 Label:Cube12 SpatiallyLoaded:true EditorBounds:IsValid=true, Min=(X=687.222 Y=332.500 Z=-1.111), Max=(X=792.778 Y=707.500 Z=421.111) RuntimeBounds:IsValid=true, Min=(X=687.222 Y=332.500 Z=-1.111), Max=(X=792.778 Y=707.500 Z=421.111) RuntimeGrid:None EditorOnly:false RuntimeOnly:false HLODRelevant:true ListedInSceneOutliner:true IsMainWorldOnly:false
 |   |   |- Guid:F5E3FEB3450C49844FD93DA8E083C8AD NativeClass:/Script/Engine.PostProcessVolume Name:PostProcessVolume_0 Label:PostProcessVolume SpatiallyLoaded:false EditorBounds:IsValid=true, Min=(X=0.000 Y=0.000 Z=400.000), Max=(X=200.000 Y=200.000 Z=600.000) RuntimeBounds:IsValid=true, Min=(X=0.000 Y=0.000 Z=400.000), Max=(X=200.000 Y=200.000 Z=600.000) RuntimeGrid:None EditorOnly:false RuntimeOnly:false HLODRelevant:false ListedInSceneOutliner:true IsMainWorldOnly:false FolderPath:Lighting FolderGuid:963EC3EB4002CCE9759E2EBA541A873A
 |   |- [+] Clusters:
 |   |   |- [+] [  0]
 |   |   |   |- Guid:2FB58999456391D349DC0F86DAC136ED NativeClass:/Script/Engine.SkyLight Name:SkyLight_1 Label:SkyLight SpatiallyLoaded:false EditorBounds:IsValid=true, Min=(X=0.000 Y=0.000 Z=690.000), Max=(X=0.000 Y=0.000 Z=690.000) RuntimeBounds:IsValid=true, Min=(X=0.000 Y=0.000 Z=690.000), Max=(X=0.000 Y=0.000 Z=690.000) RuntimeGrid:None EditorOnly:false RuntimeOnly:false HLODRelevant:false ListedInSceneOutliner:true IsMainWorldOnly:false FolderPath:Lighting FolderGuid:963EC3EB4002CCE9759E2EBA541A873A
 |   |   |- [+] [  1]
 |   |   |   |- Guid:316CF2A6494ACA4C0E4180A87D36AB8F NativeClass:/Script/Engine.ExponentialHeightFog Name:ExponentialHeightFog_0 Label:ExponentialHeightFog SpatiallyLoaded:false EditorBounds:IsValid=true, Min=(X=-5600.000 Y=-50.000 Z=-6850.000), Max=(X=-5600.000 Y=-50.000 Z=-6850.000) RuntimeBounds:IsValid=true, Min=(X=-5600.000 Y=-50.000 Z=-6850.000), Max=(X=-5600.000 Y=-50.000 Z=-6850.000) RuntimeGrid:None EditorOnly:false RuntimeOnly:false HLODRelevant:false ListedInSceneOutliner:true IsMainWorldOnly:false FolderPath:Lighting FolderGuid:963EC3EB4002CCE9759E2EBA541A873A
 |   |   |- [+] [  2]
 |   |   |   |- Guid:3A00AA1C422CE54C0BDB60BAF471BFBB NativeClass:/Script/Engine.PlayerStart Name:PlayerStart_0 Label:PlayerStart SpatiallyLoaded:false EditorBounds:IsValid=true, Min=(X=-8.000 Y=302.000 Z=-35.987), Max=(X=360.000 Y=558.000 Z=220.013) RuntimeBounds:IsValid=true, Min=(X=80.000 Y=390.000 Z=0.013), Max=(X=160.000 Y=470.000 Z=184.013) RuntimeGrid:None EditorOnly:false RuntimeOnly:false HLODRelevant:false ListedInSceneOutliner:true IsMainWorldOnly:false
 |   |   |- [+] [  3]
 |   |   |   |- Guid:4D3BE93F4146AAAC8BBE79999D96D57F NativeClass:/Script/Engine.VolumetricCloud Name:VolumetricCloud_0 Label:VolumetricCloud SpatiallyLoaded:false EditorBounds:IsValid=true, Min=(X=0.000 Y=0.000 Z=820.000), Max=(X=0.000 Y=0.000 Z=820.000) RuntimeBounds:IsValid=true, Min=(X=0.000 Y=0.000 Z=820.000), Max=(X=0.000 Y=0.000 Z=820.000) RuntimeGrid:None EditorOnly:false RuntimeOnly:false HLODRelevant:false ListedInSceneOutliner:true IsMainWorldOnly:false FolderPath:Lighting FolderGuid:963EC3EB4002CCE9759E2EBA541A873A
 |   |   |- [+] [  4]
 |   |   |   |- Guid:635F0CFC4693B4152EF09592573B2D7B NativeClass:/Script/Engine.StaticMeshActor Name:StaticMeshActor_UAID_088FC366836EA59502_1989004887 Label:Cube8 SpatiallyLoaded:true EditorBounds:IsValid=true, Min=(X=600.000 Y=1000.000 Z=-2.500), Max=(X=700.000 Y=2200.000 Z=422.500) RuntimeBounds:IsValid=true, Min=(X=600.000 Y=1000.000 Z=-2.500), Max=(X=700.000 Y=2200.000 Z=422.500) RuntimeGrid:None EditorOnly:false RuntimeOnly:false HLODRelevant:true ListedInSceneOutliner:true IsMainWorldOnly:false
 |   |   |- [+] [  5]
 |   |   |   |- Guid:6394E64D42758657C75319A7E8721C78 NativeClass:/Script/Engine.StaticMeshActor Name:StaticMeshActor_UAID_088FC366836EA59502_1438036879 Label:Cube SpatiallyLoaded:true EditorBounds:IsValid=true, Min=(X=7.500 Y=100.000 Z=-2.500), Max=(X=2932.500 Y=200.000 Z=422.500) RuntimeBounds:IsValid=true, Min=(X=7.500 Y=100.000 Z=-2.500), Max=(X=2932.500 Y=200.000 Z=422.500) RuntimeGrid:None EditorOnly:false RuntimeOnly:false HLODRelevant:true ListedInSceneOutliner:true IsMainWorldOnly:false
 |   |   |- [+] [  6]
 |   |   |   |- Guid:6BAE6441408CB576B5CB8483C5FE1061 NativeClass:/Script/Engine.StaticMeshActor Name:StaticMeshActor_UAID_088FC366836EA59502_2016824889 Label:Cube10 SpatiallyLoaded:true EditorBounds:IsValid=true, Min=(X=437.500 Y=1550.000 Z=-2.500), Max=(X=862.500 Y=1650.000 Z=422.500) RuntimeBounds:IsValid=true, Min=(X=437.500 Y=1550.000 Z=-2.500), Max=(X=862.500 Y=1650.000 Z=422.500) RuntimeGrid:None EditorOnly:false RuntimeOnly:false HLODRelevant:true ListedInSceneOutliner:true IsMainWorldOnly:false
 |   |   |- [+] [  7]
 |   |   |   |- Guid:6BAF4DDD444C60371492D3919DB42C97 NativeClass:/Script/Engine.WorldDataLayers Name:WorldDataLayers Label:WorldDataLayers SpatiallyLoaded:false EditorBounds:IsValid=true, Min=(X=0.000 Y=0.000 Z=0.000), Max=(X=0.000 Y=0.000 Z=0.000) RuntimeBounds:IsValid=true, Min=(X=0.000 Y=0.000 Z=0.000), Max=(X=0.000 Y=0.000 Z=0.000) RuntimeGrid:None EditorOnly:false RuntimeOnly:false HLODRelevant:false ListedInSceneOutliner:true IsMainWorldOnly:true
 |   |   |- [+] [  8]
 |   |   |   |- Guid:6E2474AD4AC524B919BED3B917F4E959 NativeClass:/Script/Engine.StaticMeshActor Name:StaticMeshActor_UAID_088FC366836EA59502_2049240890 Label:Cube11 SpatiallyLoaded:true EditorBounds:IsValid=true, Min=(X=1390.000 Y=605.000 Z=-2.500), Max=(X=1490.000 Y=1155.000 Z=422.500) RuntimeBounds:IsValid=true, Min=(X=1390.000 Y=605.000 Z=-2.500), Max=(X=1490.000 Y=1155.000 Z=422.500) RuntimeGrid:None EditorOnly:false RuntimeOnly:false HLODRelevant:true ListedInSceneOutliner:true IsMainWorldOnly:false
 |   |   |- [+] [  9]
 |   |   |   |- Guid:9F6A535244A46C7BB1D2A79ED9120869 NativeClass:/Script/Engine.StaticMeshActor Name:StaticMeshActor_UAID_088FC366836EA59502_2003739888 Label:Cube9 SpatiallyLoaded:true EditorBounds:IsValid=true, Min=(X=10.000 Y=-190.000 Z=-2.500), Max=(X=110.000 Y=3310.000 Z=422.500) RuntimeBounds:IsValid=true, Min=(X=10.000 Y=-190.000 Z=-2.500), Max=(X=110.000 Y=3310.000 Z=422.500) RuntimeGrid:None EditorOnly:false RuntimeOnly:false HLODRelevant:true ListedInSceneOutliner:true IsMainWorldOnly:false
 |   |   |- [+] [ 10]
 |   |   |   |- Guid:A3CDA2E840F122DAFC2A2598BF767A1B NativeClass:/Script/Engine.StaticMeshActor Name:StaticMeshActor_UAID_088FC366836EA59502_1805722883 Label:Cube4 SpatiallyLoaded:true EditorBounds:IsValid=true, Min=(X=1100.000 Y=1430.000 Z=-2.500), Max=(X=2000.000 Y=1530.000 Z=422.500) RuntimeBounds:IsValid=true, Min=(X=1100.000 Y=1430.000 Z=-2.500), Max=(X=2000.000 Y=1530.000 Z=422.500) RuntimeGrid:None EditorOnly:false RuntimeOnly:false HLODRelevant:true ListedInSceneOutliner:true IsMainWorldOnly:false
 |   |   |- [+] [ 11]
 |   |   |   |- Guid:B270E3554F928F75912DE1A8725A4475 NativeClass:/Script/Engine.StaticMeshActor Name:StaticMeshActor_UAID_088FC366836EA59502_1809510884 Label:Cube5 SpatiallyLoaded:true EditorBounds:IsValid=true, Min=(X=2000.000 Y=590.000 Z=-2.500), Max=(X=2100.000 Y=1790.000 Z=422.500) RuntimeBounds:IsValid=true, Min=(X=2000.000 Y=590.000 Z=-2.500), Max=(X=2100.000 Y=1790.000 Z=422.500) RuntimeGrid:None EditorOnly:false RuntimeOnly:false HLODRelevant:true ListedInSceneOutliner:true IsMainWorldOnly:false
 |   |   |- [+] [ 12]
 |   |   |   |- Guid:B785ED2844B84CFB91E7F39FE661CD99 NativeClass:/Script/Engine.DirectionalLight Name:DirectionalLight_0 Label:DirectionalLight SpatiallyLoaded:false EditorBounds:IsValid=true, Min=(X=-1048576.000 Y=-1048576.000 Z=-1048576.000), Max=(X=1048576.000 Y=1048576.000 Z=1048576.000) RuntimeBounds:IsValid=true, Min=(X=-1048576.000 Y=-1048576.000 Z=-1048576.000), Max=(X=1048576.000 Y=1048576.000 Z=1048576.000) RuntimeGrid:None EditorOnly:false RuntimeOnly:false HLODRelevant:false ListedInSceneOutliner:true IsMainWorldOnly:false FolderPath:Lighting FolderGuid:963EC3EB4002CCE9759E2EBA541A873A
 |   |   |- [+] [ 13]
 |   |   |   |- Guid:C246448B42EEA53399E7DCA42A7D7CF3 NativeClass:/Script/Engine.StaticMeshActor Name:StaticMeshActor_UAID_088FC366836EA59502_1852731885 Label:Cube6 SpatiallyLoaded:true EditorBounds:IsValid=true, Min=(X=2500.000 Y=590.000 Z=-2.500), Max=(X=2600.000 Y=1790.000 Z=422.500) RuntimeBounds:IsValid=true, Min=(X=2500.000 Y=590.000 Z=-2.500), Max=(X=2600.000 Y=1790.000 Z=422.500) RuntimeGrid:None EditorOnly:false RuntimeOnly:false HLODRelevant:true ListedInSceneOutliner:true IsMainWorldOnly:false
 |   |   |- [+] [ 14]
 |   |   |   |- Guid:CCFF262C46EEFFDF319E7F9539CE697E NativeClass:/Script/Engine.SkyAtmosphere Name:SkyAtmosphere_0 Label:SkyAtmosphere SpatiallyLoaded:false EditorBounds:IsValid=true, Min=(X=0.000 Y=0.000 Z=1020.000), Max=(X=0.000 Y=0.000 Z=1020.000) RuntimeBounds:IsValid=true, Min=(X=0.000 Y=0.000 Z=1020.000), Max=(X=0.000 Y=0.000 Z=1020.000) RuntimeGrid:None EditorOnly:false RuntimeOnly:false HLODRelevant:false ListedInSceneOutliner:true IsMainWorldOnly:false FolderPath:Lighting FolderGuid:963EC3EB4002CCE9759E2EBA541A873A
 |   |   |- [+] [ 15]
 |   |   |   |- Guid:D571E7E14E84BBF3C229DFBBA19DBD21 NativeClass:/Script/Engine.StaticMeshActor Name:StaticMeshActor_UAID_088FC366836EA59502_1571725880 Label:Cube2 SpatiallyLoaded:true EditorBounds:IsValid=true, Min=(X=102.500 Y=600.000 Z=-2.500), Max=(X=677.500 Y=700.000 Z=422.500) RuntimeBounds:IsValid=true, Min=(X=102.500 Y=600.000 Z=-2.500), Max=(X=677.500 Y=700.000 Z=422.500) RuntimeGrid:None EditorOnly:false RuntimeOnly:false HLODRelevant:true ListedInSceneOutliner:true IsMainWorldOnly:false
 |   |   |- [+] [ 16]
 |   |   |   |- Guid:DAAFC07C4F9C4A8B7B2E4F9100C5FE92 NativeClass:/Script/Engine.StaticMeshActor Name:StaticMeshActor_UAID_088FC366836EA59502_1874263886 Label:Cube7 SpatiallyLoaded:true EditorBounds:IsValid=true, Min=(X=2920.000 Y=97.500 Z=-2.500), Max=(X=3020.000 Y=3022.500 Z=422.500) RuntimeBounds:IsValid=true, Min=(X=2920.000 Y=97.500 Z=-2.500), Max=(X=3020.000 Y=3022.500 Z=422.500) RuntimeGrid:None EditorOnly:false RuntimeOnly:false HLODRelevant:true ListedInSceneOutliner:true IsMainWorldOnly:false
 |   |   |- [+] [ 17]
 |   |   |   |- Guid:E6C25B794B4B8A89E5B3919A36A20946 NativeClass:/Script/Engine.StaticMeshActor Name:StaticMeshActor_UAID_088FC366836EA69502_1085563068 Label:Cube13 SpatiallyLoaded:true EditorBounds:IsValid=true, Min=(X=7.500 Y=3220.000 Z=-2.500), Max=(X=2932.500 Y=3320.000 Z=422.500) RuntimeBounds:IsValid=true, Min=(X=7.500 Y=3220.000 Z=-2.500), Max=(X=2932.500 Y=3320.000 Z=422.500) RuntimeGrid:None EditorOnly:false RuntimeOnly:false HLODRelevant:true ListedInSceneOutliner:true IsMainWorldOnly:false
 |   |   |- [+] [ 18]
 |   |   |   |- Guid:EB7F3A1847C1623AB9B5A392727D2F6C NativeClass:/Script/Engine.StaticMeshActor Name:StaticMeshActor_UAID_088FC366836EA59502_1620535881 Label:Cube3 SpatiallyLoaded:true EditorBounds:IsValid=true, Min=(X=1000.000 Y=600.000 Z=-2.500), Max=(X=1100.000 Y=1800.000 Z=422.500) RuntimeBounds:IsValid=true, Min=(X=1000.000 Y=600.000 Z=-2.500), Max=(X=1100.000 Y=1800.000 Z=422.500) RuntimeGrid:None EditorOnly:false RuntimeOnly:false HLODRelevant:true ListedInSceneOutliner:true IsMainWorldOnly:false
 |   |   |- [+] [ 19]
 |   |   |   |- Guid:EC4E0C944CE6AC6E784BC6BB2916EA13 NativeClass:/Script/Engine.StaticMeshActor Name:StaticMeshActor_UAID_A4AE111137DC5EFB00_1110535423 Label:SM_SkySphere SpatiallyLoaded:false EditorBounds:IsValid=true, Min=(X=-1638400.000 Y=-1638400.000 Z=-1638400.000), Max=(X=1638400.000 Y=1638400.000 Z=1638400.000) RuntimeBounds:IsValid=true, Min=(X=-1638400.000 Y=-1638400.000 Z=-1638400.000), Max=(X=1638400.000 Y=1638400.000 Z=1638400.000) RuntimeGrid:None EditorOnly:false RuntimeOnly:false HLODRelevant:true ListedInSceneOutliner:true IsMainWorldOnly:false FolderPath:Lighting FolderGuid:963EC3EB4002CCE9759E2EBA541A873A
 |   |   |- [+] [ 20]
 |   |   |   |- Guid:F1924B8D48954B30891B2DB6A694F9CC NativeClass:/Script/Engine.StaticMeshActor Name:StaticMeshActor_1 Label:SM_Cube SpatiallyLoaded:true EditorBounds:IsValid=true, Min=(X=0.000 Y=0.000 Z=-50.000), Max=(X=10925.000 Y=3325.000 Z=0.000) RuntimeBounds:IsValid=true, Min=(X=0.000 Y=0.000 Z=-50.000), Max=(X=10925.000 Y=3325.000 Z=0.000) RuntimeGrid:None EditorOnly:false RuntimeOnly:false HLODRelevant:true ListedInSceneOutliner:true IsMainWorldOnly:false FolderPath:Playground FolderGuid:C73F09FC4215536B1DCE2A9E0A830C70
 |   |   |- [+] [ 21]
 |   |   |   |- Guid:F33B4E0747231F554D0F0BBA8238ACEF NativeClass:/Script/Engine.StaticMeshActor Name:StaticMeshActor_UAID_088FC366836EA59502_2084132891 Label:Cube12 SpatiallyLoaded:true EditorBounds:IsValid=true, Min=(X=687.222 Y=332.500 Z=-1.111), Max=(X=792.778 Y=707.500 Z=421.111) RuntimeBounds:IsValid=true, Min=(X=687.222 Y=332.500 Z=-1.111), Max=(X=792.778 Y=707.500 Z=421.111) RuntimeGrid:None EditorOnly:false RuntimeOnly:false HLODRelevant:true ListedInSceneOutliner:true IsMainWorldOnly:false
 |   |   |- [+] [ 22]
 |   |   |   |- Guid:F5E3FEB3450C49844FD93DA8E083C8AD NativeClass:/Script/Engine.PostProcessVolume Name:PostProcessVolume_0 Label:PostProcessVolume SpatiallyLoaded:false EditorBounds:IsValid=true, Min=(X=0.000 Y=0.000 Z=400.000), Max=(X=200.000 Y=200.000 Z=600.000) RuntimeBounds:IsValid=true, Min=(X=0.000 Y=0.000 Z=400.000), Max=(X=200.000 Y=200.000 Z=600.000) RuntimeGrid:None EditorOnly:false RuntimeOnly:false HLODRelevant:false ListedInSceneOutliner:true IsMainWorldOnly:false FolderPath:Lighting FolderGuid:963EC3EB4002CCE9759E2EBA541A873A
 |- ContainerInstances:
 |- [+] MainContainer:
 |   |-        ID: 00000000000000000000000000000000
 |   |-  ParentID: 00000000000000000000000000000000
 |   |-    Bounds: IsValid=false, Min=(X=0.000 Y=0.000 Z=0.000), Max=(X=0.000 Y=0.000 Z=0.000)
 |   |- Transform: 0.000000,0.000000,0.000000|0.000000,0.000000,-0.000000|1.000000,1.000000,1.000000
 |   |- Container: /Game/ThirdPerson/Maps/ThirdPersonMap
----------------------------------------------------------------------------------------------------------------
ThirdPersonMap - Persistent Level
----------------------------------------------------------------------------------------------------------------
[+] Content of ThirdPersonMap Persistent Level
 |- Always loaded Actor Count: 23 
 |- Actor Path: /Game/ThirdPerson/Maps/ThirdPersonMap.ThirdPersonMap:PersistentLevel.DirectionalLight_0
 |- Actor Package: /Game/__ExternalActors__/ThirdPerson/Maps/ThirdPersonMap/5/R1/TS5OQ5CRUWFZYL1ZQ7I416
 |- Actor Path: /Game/ThirdPerson/Maps/ThirdPersonMap.ThirdPersonMap:PersistentLevel.ExponentialHeightFog_0
 |- Actor Package: /Game/__ExternalActors__/ThirdPerson/Maps/ThirdPersonMap/6/J7/N10XDC9G27EMLS5AGZ6AVV
 |- Actor Path: /Game/ThirdPerson/Maps/ThirdPersonMap.ThirdPersonMap:PersistentLevel.PlayerStart_0
 |- Actor Package: /Game/__ExternalActors__/ThirdPerson/Maps/ThirdPersonMap/D/DE/SWSI13675DVYIZ0N4NF7Y3
 |- Actor Path: /Game/ThirdPerson/Maps/ThirdPersonMap.ThirdPersonMap:PersistentLevel.PostProcessVolume_0
 |- Actor Package: /Game/__ExternalActors__/ThirdPerson/Maps/ThirdPersonMap/1/AZ/A7GPT109Y6ZTTJD4A7TXER
 |- Actor Path: /Game/ThirdPerson/Maps/ThirdPersonMap.ThirdPersonMap:PersistentLevel.SkyAtmosphere_0
 |- Actor Package: /Game/__ExternalActors__/ThirdPerson/Maps/ThirdPersonMap/4/LN/30UBDLYFFA5ZR7U4W4L4GG
 |- Actor Path: /Game/ThirdPerson/Maps/ThirdPersonMap.ThirdPersonMap:PersistentLevel.SkyLight_1
 |- Actor Package: /Game/__ExternalActors__/ThirdPerson/Maps/ThirdPersonMap/8/S1/DXUWD12MD3HRWVVXX076BY
 |- Actor Path: /Game/ThirdPerson/Maps/ThirdPersonMap.ThirdPersonMap:PersistentLevel.StaticMeshActor_1
 |- Actor Package: /Game/__ExternalActors__/ThirdPerson/Maps/ThirdPersonMap/6/YO/NG2R9BPZVA7ZDN0Z4VSTG6
 |- Actor Path: /Game/ThirdPerson/Maps/ThirdPersonMap.ThirdPersonMap:PersistentLevel.StaticMeshActor_UAID_088FC366836EA59502_1438036879
 |- Actor Package: /Game/__ExternalActors__/ThirdPerson/Maps/ThirdPersonMap/7/MX/7A7OACZL0QP7DGG1NZ5833
 |- Actor Path: /Game/ThirdPerson/Maps/ThirdPersonMap.ThirdPersonMap:PersistentLevel.StaticMeshActor_UAID_088FC366836EA59502_1571725880
 |- Actor Package: /Game/__ExternalActors__/ThirdPerson/Maps/ThirdPersonMap/E/XX/XD77H1O3HED2HXWDATMEGD
 |- Actor Path: /Game/ThirdPerson/Maps/ThirdPersonMap.ThirdPersonMap:PersistentLevel.StaticMeshActor_UAID_088FC366836EA59502_1620535881
 |- Actor Package: /Game/__ExternalActors__/ThirdPerson/Maps/ThirdPersonMap/A/WE/T8CEA6LF7C69NHJKEEM41P
 |- Actor Path: /Game/ThirdPerson/Maps/ThirdPersonMap.ThirdPersonMap:PersistentLevel.StaticMeshActor_UAID_088FC366836EA59502_1805722883
 |- Actor Package: /Game/__ExternalActors__/ThirdPerson/Maps/ThirdPersonMap/1/FS/4C12OJFFZH4RWGFARIFV8I
 |- Actor Path: /Game/ThirdPerson/Maps/ThirdPersonMap.ThirdPersonMap:PersistentLevel.StaticMeshActor_UAID_088FC366836EA59502_1809510884
 |- Actor Package: /Game/__ExternalActors__/ThirdPerson/Maps/ThirdPersonMap/E/6T/5QH90BRWLCFFTHMF9RZBE9
 |- Actor Path: /Game/ThirdPerson/Maps/ThirdPersonMap.ThirdPersonMap:PersistentLevel.StaticMeshActor_UAID_088FC366836EA59502_1852731885
 |- Actor Package: /Game/__ExternalActors__/ThirdPerson/Maps/ThirdPersonMap/8/MG/5LV56FNEQ0O2YDSIK3LKAN
 |- Actor Path: /Game/ThirdPerson/Maps/ThirdPersonMap.ThirdPersonMap:PersistentLevel.StaticMeshActor_UAID_088FC366836EA59502_1874263886
 |- Actor Package: /Game/__ExternalActors__/ThirdPerson/Maps/ThirdPersonMap/8/3Q/UZA3IA3OVI234MAT45RGFX
 |- Actor Path: /Game/ThirdPerson/Maps/ThirdPersonMap.ThirdPersonMap:PersistentLevel.StaticMeshActor_UAID_088FC366836EA59502_1989004887
 |- Actor Package: /Game/__ExternalActors__/ThirdPerson/Maps/ThirdPersonMap/B/UR/64Q9EBQ9Y9T30UCU7VOP42
 |- Actor Path: /Game/ThirdPerson/Maps/ThirdPersonMap.ThirdPersonMap:PersistentLevel.StaticMeshActor_UAID_088FC366836EA59502_2003739888
 |- Actor Package: /Game/__ExternalActors__/ThirdPerson/Maps/ThirdPersonMap/1/4P/AW4953OJG7R4HK024G155K
 |- Actor Path: /Game/ThirdPerson/Maps/ThirdPersonMap.ThirdPersonMap:PersistentLevel.StaticMeshActor_UAID_088FC366836EA59502_2016824889
 |- Actor Package: /Game/__ExternalActors__/ThirdPerson/Maps/ThirdPersonMap/D/Y9/VGDWEDXEZI0VB4DXI450ID
 |- Actor Path: /Game/ThirdPerson/Maps/ThirdPersonMap.ThirdPersonMap:PersistentLevel.StaticMeshActor_UAID_088FC366836EA59502_2049240890
 |- Actor Package: /Game/__ExternalActors__/ThirdPerson/Maps/ThirdPersonMap/2/90/AHEOTD1NGATEDYNWT3M4E6
 |- Actor Path: /Game/ThirdPerson/Maps/ThirdPersonMap.ThirdPersonMap:PersistentLevel.StaticMeshActor_UAID_088FC366836EA59502_2084132891
 |- Actor Package: /Game/__ExternalActors__/ThirdPerson/Maps/ThirdPersonMap/7/WN/N19L2SASRSNSB3YNKFPZ1A
 |- Actor Path: /Game/ThirdPerson/Maps/ThirdPersonMap.ThirdPersonMap:PersistentLevel.StaticMeshActor_UAID_088FC366836EA69502_1085563068
 |- Actor Package: /Game/__ExternalActors__/ThirdPerson/Maps/ThirdPersonMap/7/IP/S6BMYXULGWK82GARN6Q8QJ
 |- Actor Path: /Game/ThirdPerson/Maps/ThirdPersonMap.ThirdPersonMap:PersistentLevel.StaticMeshActor_UAID_A4AE111137DC5EFB00_1110535423
 |- Actor Package: /Game/__ExternalActors__/ThirdPerson/Maps/ThirdPersonMap/4/PN/2QISIGK5DJNQ05US8O8FXW
 |- Actor Path: /Game/ThirdPerson/Maps/ThirdPersonMap.ThirdPersonMap:PersistentLevel.VolumetricCloud_0
 |- Actor Package: /Game/__ExternalActors__/ThirdPerson/Maps/ThirdPersonMap/3/EY/87SHEJN5UBEAN2K5OV1G6R
 |- Actor Path: /Game/ThirdPerson/Maps/ThirdPersonMap.ThirdPersonMap:PersistentLevel.WorldDataLayers
 |- Actor Package: /Game/__ExternalActors__/ThirdPerson/Maps/ThirdPersonMap/0/43/HYQWORMY4JDQ5X3OKZXFLC

----------------------------------------------------------------------------------------------------------------
ThirdPersonMap - Runtime Hash Set
----------------------------------------------------------------------------------------------------------------

